<?xml version="1.0" encoding="UTF-8"?>
<!-- Generated by org.testng.reporters.JUnitReportReporter -->
<testsuite hostname="ruwali" name="advanceActivity.TestRightClick" tests="1" failures="0" timestamp="11 Jun 2017 06:24:44 GMT" time="14.078" errors="0">
  <testcase name="TestClick" time="14.078" classname="advanceActivity.TestRightClick"/>
</testsuite> <!-- advanceActivity.TestRightClick -->
