<?xml version="1.0" encoding="UTF-8"?>
<!-- Generated by org.testng.reporters.JUnitReportReporter -->
<testsuite hostname="ruwali" name="uploadFile.UploadWithRobotClass" tests="1" failures="0" timestamp="11 Jun 2017 03:07:10 GMT" time="27.642" errors="0">
  <testcase name="Fileupload" time="27.642" classname="uploadFile.UploadWithRobotClass"/>
</testsuite> <!-- uploadFile.UploadWithRobotClass -->
