<?xml version="1.0" encoding="UTF-8"?>
<!-- Generated by org.testng.reporters.JUnitReportReporter -->
<testsuite hostname="ruwali" name="dropdownDemo.NewDropdownBootstrap" tests="1" failures="0" timestamp="11 Jun 2017 02:00:47 GMT" time="112.499" errors="0">
  <testcase name="newMethod" time="112.499" classname="dropdownDemo.NewDropdownBootstrap"/>
</testsuite> <!-- dropdownDemo.NewDropdownBootstrap -->
