<?xml version="1.0" encoding="UTF-8"?>
<!-- Generated by org.testng.reporters.JUnitReportReporter -->
<testsuite hostname="ruwali" name="screenshot.ScreenshootGoogle" tests="1" failures="0" timestamp="14 Jun 2017 14:23:40 GMT" time="17.764" errors="0">
  <testcase name="TestJavaS1" time="17.764" classname="screenshot.ScreenshootGoogle"/>
</testsuite> <!-- screenshot.ScreenshootGoogle -->
