<?xml version="1.0" encoding="UTF-8"?>
<!-- Generated by org.testng.reporters.JUnitReportReporter -->
<testsuite hostname="ruwali" name="dropdownDemo.NewDropdownBootstrap2" tests="1" failures="0" timestamp="11 Jun 2017 02:36:19 GMT" time="22.133" errors="0">
  <testcase name="newMethod" time="22.133" classname="dropdownDemo.NewDropdownBootstrap2"/>
</testsuite> <!-- dropdownDemo.NewDropdownBootstrap2 -->
