<?xml version="1.0" encoding="UTF-8"?>
<!-- Generated by org.testng.reporters.JUnitReportReporter -->
<testsuite hostname="ruwali" name="uploadFile.UploadAutoIT" tests="1" failures="0" timestamp="11 Jun 2017 04:35:32 GMT" time="3.520" errors="0">
  <testcase name="testJenkins" time="3.520" classname="uploadFile.UploadAutoIT"/>
</testsuite> <!-- uploadFile.UploadAutoIT -->
