<?xml version="1.0" encoding="UTF-8"?>
<!-- Generated by org.testng.reporters.JUnitReportReporter -->
<testsuite hostname="ruwali" name="dropdownDemo.SelectFacebookDropdown" tests="1" failures="0" timestamp="10 Jun 2017 11:56:45 GMT" time="43.254" errors="0">
  <testcase name="SelectedValues" time="43.254" classname="dropdownDemo.SelectFacebookDropdown"/>
</testsuite> <!-- dropdownDemo.SelectFacebookDropdown -->
