<?xml version="1.0" encoding="UTF-8"?>
<!-- Generated by org.testng.reporters.JUnitReportReporter -->
<testsuite hostname="ruwali" name="dropdownDemo.SelectFacebookDropdown2" tests="1" failures="0" timestamp="10 Jun 2017 12:03:58 GMT" time="32.683" errors="0">
  <testcase name="SelectedValues" time="32.683" classname="dropdownDemo.SelectFacebookDropdown2"/>
</testsuite> <!-- dropdownDemo.SelectFacebookDropdown2 -->
